                                 Started job on |	May 09 16:00:38
                             Started mapping on |	May 09 16:07:14
                                    Finished on |	May 09 16:08:29
       Mapping speed, Million of reads per hour |	0.02

                          Number of input reads |	497
                      Average input read length |	98
                                    UNIQUE READS:
                   Uniquely mapped reads number |	450
                        Uniquely mapped reads % |	90.54%
                          Average mapped length |	98.36
                       Number of splices: Total |	157
            Number of splices: Annotated (sjdb) |	157
                       Number of splices: GT/AG |	157
                       Number of splices: GC/AG |	0
                       Number of splices: AT/AC |	0
               Number of splices: Non-canonical |	0
                      Mismatch rate per base, % |	0.12%
                         Deletion rate per base |	0.00%
                        Deletion average length |	0.00
                        Insertion rate per base |	0.00%
                       Insertion average length |	1.00
                             MULTI-MAPPING READS:
        Number of reads mapped to multiple loci |	31
             % of reads mapped to multiple loci |	6.24%
        Number of reads mapped to too many loci |	0
             % of reads mapped to too many loci |	0.00%
                                  UNMAPPED READS:
       % of reads unmapped: too many mismatches |	0.00%
                 % of reads unmapped: too short |	3.22%
                     % of reads unmapped: other |	0.00%
                                  CHIMERIC READS:
                       Number of chimeric reads |	0
                            % of chimeric reads |	0.00%
