                                 Started job on |	Apr 28 12:31:36
                             Started mapping on |	Apr 28 12:32:00
                                    Finished on |	Apr 28 12:33:03
       Mapping speed, Million of reads per hour |	0.05

                          Number of input reads |	949
                      Average input read length |	98
                                    UNIQUE READS:
                   Uniquely mapped reads number |	866
                        Uniquely mapped reads % |	91.25%
                          Average mapped length |	98.42
                       Number of splices: Total |	286
            Number of splices: Annotated (sjdb) |	286
                       Number of splices: GT/AG |	283
                       Number of splices: GC/AG |	3
                       Number of splices: AT/AC |	0
               Number of splices: Non-canonical |	0
                      Mismatch rate per base, % |	0.12%
                         Deletion rate per base |	0.00%
                        Deletion average length |	1.00
                        Insertion rate per base |	0.00%
                       Insertion average length |	1.00
                             MULTI-MAPPING READS:
        Number of reads mapped to multiple loci |	61
             % of reads mapped to multiple loci |	6.43%
        Number of reads mapped to too many loci |	0
             % of reads mapped to too many loci |	0.00%
                                  UNMAPPED READS:
       % of reads unmapped: too many mismatches |	0.00%
                 % of reads unmapped: too short |	2.32%
                     % of reads unmapped: other |	0.00%
                                  CHIMERIC READS:
                       Number of chimeric reads |	0
                            % of chimeric reads |	0.00%
